[15:44:35] [main/INFO]: [OptiFine] (Reflector) Field not found: World.tileEntitiesToBeRemoved
[15:44:35] [main/INFO]: [OptiFine] (Reflector) Class not present: net.minecraftforge.eventbus.api.Event$Result
[15:44:35] [main/INFO]: [OptiFine] (Reflector) Method not present: net.minecraftforge.common.extensions.IForgeBlockState.hasTileEntity
[15:44:35] [main/INFO]: [OptiFine] (Reflector) Class not present: net.minecraftforge.common.extensions.IForgeEntity
[15:44:35] [main/INFO]: [OptiFine] (Reflector) Class not present: net.minecraftforge.fml.CrashReportExtender
[15:44:36] [main/INFO]: [OptiFine] (Reflector) Method not present: net.minecraft.tags.ItemTags.createOptional
[15:44:42] [main/INFO]: [OptiFine] (Reflector) Class not present: net.minecraftforge.client.ForgeHooksClient
[15:44:43] [main/INFO]: Environment: authHost='https://authserver.mojang.com', accountsHost='https://api.mojang.com', sessionHost='https://sessionserver.mojang.com', servicesHost='https://api.minecraftservices.com', name='PROD'
[15:44:44] [main/INFO]: Setting user: yougameMrPenis1337
[15:44:44] [main/INFO]: [OptiFine] (Reflector) Class not present: net.minecraftforge.client.settings.KeyConflictContext
[15:44:45] [main/INFO]: [OptiFine] (Reflector) Class not present: net.minecraftforge.client.settings.KeyModifier
[15:44:45] [main/INFO]: [OptiFine] (Reflector) Class not present: net.minecraft.launchwrapper.Launch
[15:44:45] [main/INFO]: Backend library: LWJGL version 3.2.1 build 12
[15:44:45] [main/INFO]: [STDERR]: [LWJGL] [ERROR] Incompatible Java and native library versions detected.
Possible reasons:
	a) -Djava.library.path is set to a folder containing shared libraries of an older LWJGL version.
	b) The classpath contains jar files of an older LWJGL version.
Possible solutions:
	a) Make sure to not set -Djava.library.path (it is not needed for developing with LWJGL 3) or make
	   sure the folder it points to contains the shared libraries of the correct LWJGL version.
	b) Check the classpath and make sure to only have jar files of the same LWJGL version in it.
[15:44:45] [main/INFO]: [STDERR]: [LWJGL] [ERROR] Incompatible Java and native library versions detected.
Possible reasons:
	a) -Djava.library.path is set to a folder containing shared libraries of an older LWJGL version.
	b) The classpath contains jar files of an older LWJGL version.
Possible solutions:
	a) Make sure to not set -Djava.library.path (it is not needed for developing with LWJGL 3) or make
	   sure the folder it points to contains the shared libraries of the correct LWJGL version.
	b) Check the classpath and make sure to only have jar files of the same LWJGL version in it.
[15:44:45] [main/INFO]: [STDERR]: [LWJGL] [ERROR] Incompatible Java and native library versions detected.
Possible reasons:
	a) -Djava.library.path is set to a folder containing shared libraries of an older LWJGL version.
	b) The classpath contains jar files of an older LWJGL version.
Possible solutions:
	a) Make sure to not set -Djava.library.path (it is not needed for developing with LWJGL 3) or make
	   sure the folder it points to contains the shared libraries of the correct LWJGL version.
	b) Check the classpath and make sure to only have jar files of the same LWJGL version in it.
[15:44:45] [main/INFO]: [OptiFine] (Reflector) Method not present: net.minecraftforge.fml.loading.progress.EarlyProgressVisualization.handOffWindow
[15:44:46] [main/INFO]: [STDERR]: [LWJGL] [ERROR] Incompatible Java and native library versions detected.
Possible reasons:
	a) -Djava.library.path is set to a folder containing shared libraries of an older LWJGL version.
	b) The classpath contains jar files of an older LWJGL version.
Possible solutions:
	a) Make sure to not set -Djava.library.path (it is not needed for developing with LWJGL 3) or make
	   sure the folder it points to contains the shared libraries of the correct LWJGL version.
	b) Check the classpath and make sure to only have jar files of the same LWJGL version in it.
[15:44:47] [main/INFO]: [STDERR]: [LWJGL] [ERROR] Incompatible Java and native library versions detected.
Possible reasons:
	a) -Djava.library.path is set to a folder containing shared libraries of an older LWJGL version.
	b) The classpath contains jar files of an older LWJGL version.
Possible solutions:
	a) Make sure to not set -Djava.library.path (it is not needed for developing with LWJGL 3) or make
	   sure the folder it points to contains the shared libraries of the correct LWJGL version.
	b) Check the classpath and make sure to only have jar files of the same LWJGL version in it.
[15:44:47] [main/INFO]: [OptiFine] 
[15:44:47] [main/INFO]: [OptiFine] OptiFine_1.16.5_HD_U_G8
[15:44:47] [main/INFO]: [OptiFine] (Reflector) Class not present: optifine.OptiFineResourceLocator
[15:44:47] [main/INFO]: [OptiFine] Build: null
[15:44:47] [main/INFO]: [OptiFine] OS: Windows 11 (amd64) version 10.0
[15:44:47] [main/INFO]: [OptiFine] Java: 17.0.12, Amazon.com Inc.
[15:44:47] [main/INFO]: [OptiFine] VM: OpenJDK 64-Bit Server VM (mixed mode, sharing), Amazon.com Inc.
[15:44:47] [main/INFO]: [OptiFine] LWJGL: 3.3.0 Win32 WGL EGL VisualC DLL
[15:44:47] [main/INFO]: [OptiFine] OpenGL: Intel(R) HD Graphics 630, version 4.6.0 - Build 31.0.101.2125, Intel
[15:44:47] [main/INFO]: [OptiFine] OpenGL Version: 4.6.0
[15:44:47] [main/INFO]: [OptiFine] OpenGL Fancy fog: Not available (GL_NV_fog_distance)
[15:44:47] [main/INFO]: [OptiFine] Maximum texture size: 16384x16384
[15:44:47] [VersionCheck/INFO]: [OptiFine] Checking for new version
[15:44:47] [main/INFO]: [Shaders] OpenGL Version: 4.6.0 - Build 31.0.101.2125
[15:44:47] [main/INFO]: [Shaders] Vendor:  Intel
[15:44:47] [main/INFO]: [Shaders] Renderer: Intel(R) HD Graphics 630
[15:44:47] [main/INFO]: [Shaders] Capabilities:  2.0  2.1  3.0  3.2  4.0 
[15:44:47] [main/INFO]: [Shaders] GL_MAX_DRAW_BUFFERS: 8
[15:44:47] [main/INFO]: [Shaders] GL_MAX_COLOR_ATTACHMENTS_EXT: 8
[15:44:47] [main/INFO]: [Shaders] GL_MAX_TEXTURE_IMAGE_UNITS: 32
[15:44:47] [main/INFO]: [Shaders] Load shaders configuration.
[15:44:47] [main/INFO]: [Shaders] Save shaders configuration.
[15:44:47] [main/INFO]: [Shaders] No shaderpack loaded.
[15:44:47] [main/INFO]: [OptiFine] (Reflector) Class not present: net.minecraftforge.fml.common.Loader
[15:44:48] [VersionCheck/INFO]: [OptiFine] Version found: G7
[15:44:49] [main/WARN]: [OptiFine] java.lang.ClassNotFoundException: sun.misc.SharedSecrets
[15:44:49] [main/WARN]: [OptiFine] java.lang.ClassNotFoundException: jdk.internal.misc.SharedSecrets
[15:44:49] [main/WARN]: [OptiFine] java.lang.ClassNotFoundException: sun.misc.VM
[15:44:49] [main/WARN]: [OptiFine] java.lang.reflect.InaccessibleObjectException: Unable to make public static long jdk.internal.misc.VM.maxDirectMemory() accessible: module java.base does not "exports jdk.internal.misc" to unnamed module @b9afc07
[15:44:49] [main/INFO]: [OptiFine] (Reflector) Class not present: net.minecraftforge.client.ItemModelMesherForge
[15:44:50] [main/INFO]: [OptiFine] (Reflector) Class not present: net.minecraftforge.client.model.pipeline.ForgeBlockModelRenderer
[15:44:50] [main/WARN]: ERROR : Couldn't load Narrator library : Unable to load library 'SAPIWrapper_x64': Can't obtain InputStream for win32-x86-64/SAPIWrapper_x64.dll
ERROR : Couldn't load Narrator library : Unable to load library 'SAPIWrapper_x86': Can't obtain InputStream for win32-x86-64/SAPIWrapper_x86.dll

[15:44:51] [main/INFO]: [OptiFine] (Reflector) Class not present: net.minecraftforge.fml.client.gui.screen.ModListScreen
[15:44:51] [main/INFO]: [OptiFine] (Reflector) Class not present: net.minecraftforge.client.gui.NotificationModUpdateScreen
[15:44:51] [main/INFO]: Reloading ResourceManager: Default
[15:44:51] [main/INFO]: [OptiFine] *** Reloading textures ***
[15:44:51] [main/INFO]: [OptiFine] Resource packs: Default
[15:44:51] [Worker-Main-12/INFO]: [OptiFine] (Reflector) Class not present: net.minecraftforge.client.model.ModelLoaderRegistry
[15:44:51] [Worker-Main-11/INFO]: [OptiFine] Multitexture: false
[15:44:51] [Worker-Main-10/INFO]: [OptiFine] Multitexture: false
[15:44:51] [Worker-Main-14/INFO]: [OptiFine] Multitexture: false
[15:44:51] [Realms Notification Availability checker #1/INFO]: Could not authorize you against Realms server: Invalid session id
[15:44:58] [main/INFO]: [OptiFine] (Reflector) Method not present: net.minecraft.client.renderer.RenderTypeLookup.canRenderInLayer
[15:44:58] [main/INFO]: [OptiFine] *** Reflector Forge ***
[15:44:58] [main/INFO]: [OptiFine] (Reflector) Class not present: mods.betterfoliage.client.BetterFoliageClient
[15:44:58] [main/INFO]: [OptiFine] (Reflector) Class not present: net.minecraftforge.fml.BrandingControl
[15:44:58] [main/INFO]: [OptiFine] (Reflector) Class not present: net.minecraftforge.common.capabilities.ICapabilityProvider
[15:44:58] [main/INFO]: [OptiFine] (Reflector) Class not present: net.minecraftforge.common.capabilities.CapabilityProvider
[15:44:58] [main/INFO]: [OptiFine] (Reflector) Class not present: net.minecraftforge.fml.client.ClientModLoader
[15:44:58] [main/INFO]: [OptiFine] (Reflector) Class not present: net.minecraftforge.event.world.ChunkDataEvent$Save
[15:44:58] [main/INFO]: [OptiFine] (Reflector) Class not present: net.minecraftforge.event.world.ChunkEvent$Load
[15:44:58] [main/INFO]: [OptiFine] (Reflector) Class not present: net.minecraftforge.event.world.ChunkEvent$Unload
[15:44:58] [main/INFO]: [OptiFine] (Reflector) Class not present: net.minecraftforge.fml.client.ClientHooks
[15:44:58] [main/INFO]: [OptiFine] (Reflector) Class not present: net.minecraftforge.client.event.GuiScreenEvent$DrawScreenEvent$Pre
[15:44:58] [main/INFO]: [OptiFine] (Reflector) Class not present: net.minecraftforge.client.event.GuiScreenEvent$DrawScreenEvent$Post
[15:44:58] [main/INFO]: [OptiFine] (Reflector) Class not present: net.minecraftforge.event.entity.EntityLeaveWorldEvent
[15:44:58] [main/INFO]: [OptiFine] (Reflector) Class not present: net.minecraftforge.client.event.EntityViewRenderEvent$CameraSetup
[15:44:58] [main/INFO]: [OptiFine] (Reflector) Class not present: net.minecraftforge.client.event.EntityViewRenderEvent$FogColors
[15:44:58] [main/INFO]: [OptiFine] (Reflector) Class not present: net.minecraftforge.client.event.EntityViewRenderEvent$RenderFogEvent
[15:44:58] [main/INFO]: [OptiFine] (Reflector) Class not present: net.minecraftforge.event.entity.EntityJoinWorldEvent
[15:44:58] [main/INFO]: [OptiFine] (Reflector) Method not present: net.minecraftforge.eventbus.api.Event.isCanceled
[15:44:58] [main/INFO]: [OptiFine] (Reflector) Method not present: net.minecraftforge.eventbus.api.Event.getResult
[15:44:58] [main/INFO]: [OptiFine] (Reflector) Class not present: net.minecraftforge.eventbus.api.IEventBus
[15:44:58] [main/INFO]: [OptiFine] (Reflector) Class not present: net.minecraftforge.common.extensions.IForgeBlock
[15:44:58] [main/INFO]: [OptiFine] (Reflector) Method not present: net.minecraft.client.renderer.BlockModelShapes.getTexture
[15:44:58] [main/INFO]: [OptiFine] (Reflector) Method not present: net.minecraftforge.common.extensions.IForgeBlockState.addDestroyEffects
[15:44:58] [main/INFO]: [OptiFine] (Reflector) Method not present: net.minecraftforge.common.extensions.IForgeBlockState.addHitEffects
[15:44:58] [main/INFO]: [OptiFine] (Reflector) Method not present: net.minecraftforge.common.extensions.IForgeBlockState.getLightValue
[15:44:58] [main/INFO]: [OptiFine] (Reflector) Method not present: net.minecraftforge.common.extensions.IForgeBlockState.getSoundType
[15:44:58] [main/INFO]: [OptiFine] (Reflector) Method not present: net.minecraftforge.common.extensions.IForgeBlockState.getStateAtViewpoint
[15:44:58] [main/INFO]: [OptiFine] (Reflector) Method not present: net.minecraftforge.common.extensions.IForgeBlockState.isAir
[15:44:58] [main/INFO]: [OptiFine] (Reflector) Method not present: net.minecraftforge.common.extensions.IForgeBlockState.shouldDisplayFluidOverlay
[15:44:58] [main/INFO]: [OptiFine] (Reflector) Class not present: net.minecraftforge.common.extensions.IForgeFluid
[15:44:58] [main/INFO]: [OptiFine] (Reflector) Class not present: net.minecraftforge.fluids.FluidAttributes
[15:44:58] [main/INFO]: [OptiFine] (Reflector) Method not present: net.minecraft.entity.EntityType.getTags
[15:44:58] [main/INFO]: [OptiFine] (Reflector) Class not present: net.minecraftforge.event.ForgeEventFactory
[15:44:58] [main/INFO]: [OptiFine] (Reflector) Method not present: net.minecraft.fluid.Fluid.getTags
[15:44:58] [main/INFO]: [OptiFine] (Reflector) Class not present: net.minecraftforge.common.ForgeHooks
[15:44:58] [main/INFO]: [OptiFine] (Reflector) Class not present: net.minecraftforge.common.ForgeConfig
[15:44:58] [main/INFO]: [OptiFine] (Reflector) Class not present: net.minecraftforge.common.ForgeConfig$Client
[15:44:58] [main/INFO]: [OptiFine] (Reflector) Class not present: net.minecraftforge.common.ForgeConfigSpec
[15:44:58] [main/INFO]: [OptiFine] (Reflector) Class not present: net.minecraftforge.common.ForgeConfigSpec$ConfigValue
[15:44:58] [main/INFO]: [OptiFine] (Reflector) Method not present: net.minecraft.world.chunk.IChunk.getWorldForge
[15:44:58] [main/INFO]: [OptiFine] (Reflector) Class not present: net.minecraftforge.common.extensions.IForgeItem
[15:44:58] [main/INFO]: [OptiFine] (Reflector) Class not present: net.minecraftforge.common.extensions.IForgeItemStack
[15:44:58] [main/INFO]: [OptiFine] (Reflector) Class not present: net.minecraftforge.fml.ForgeI18n
[15:44:58] [main/INFO]: [OptiFine] (Reflector) Method not present: net.minecraft.client.settings.KeyBinding.setKeyConflictContext
[15:44:58] [main/INFO]: [OptiFine] (Reflector) Method not present: net.minecraft.client.settings.KeyBinding.setKeyModifierAndCode
[15:44:58] [main/INFO]: [OptiFine] (Reflector) Method not present: net.minecraft.client.settings.KeyBinding.getKeyModifier
[15:44:58] [main/INFO]: [OptiFine] (Reflector) Class not present: net.minecraftforge.common.extensions.IForgeEffectInstance
[15:44:58] [main/INFO]: [OptiFine] (Reflector) Class not present: net.minecraftforge.registries.ForgeRegistryEntry
[15:44:58] [main/INFO]: [OptiFine] (Reflector) Method not present: net.minecraft.client.renderer.RenderTypeLookup.canRenderInLayer
[15:44:58] [main/INFO]: [OptiFine] (Reflector) Constructor not present: net.minecraft.world.server.Ticket, params: class net.minecraft.world.server.TicketType, int, class java.lang.Object, boolean
[15:44:58] [main/INFO]: [OptiFine] (Reflector) Method not present: net.minecraft.world.server.Ticket.isForceTicks
[15:44:59] [main/INFO]: [OptiFine] (Reflector) Class not present: net.minecraftforge.common.extensions.IForgeTileEntity
[15:44:59] [main/INFO]: [OptiFine] (Reflector) Method not present: net.minecraft.client.world.DimensionRenderInfo.getCloudRenderHandler
[15:44:59] [main/INFO]: [OptiFine] (Reflector) Method not present: net.minecraft.client.world.DimensionRenderInfo.getSkyRenderHandler
[15:44:59] [main/INFO]: [OptiFine] (Reflector) Method not present: net.minecraft.client.world.DimensionRenderInfo.getWeatherParticleRenderHandler
[15:44:59] [main/INFO]: [OptiFine] (Reflector) Method not present: net.minecraft.client.world.DimensionRenderInfo.getWeatherRenderHandler
[15:44:59] [main/INFO]: [OptiFine] (Reflector) Class not present: net.minecraftforge.client.IRenderHandler
[15:44:59] [main/INFO]: [OptiFine] (Reflector) Class not present: net.minecraftforge.client.model.pipeline.LightUtil
[15:44:59] [main/INFO]: [OptiFine] (Reflector) Class not present: net.minecraftforge.common.MinecraftForge
[15:44:59] [main/INFO]: [OptiFine] (Reflector) Class not present: net.minecraftforge.client.MinecraftForgeClient
[15:44:59] [main/INFO]: [OptiFine] (Reflector) Class not present: net.minecraftforge.fml.common.ModContainer
[15:44:59] [main/INFO]: [OptiFine] (Reflector) Class not present: net.minecraftforge.entity.PartEntity
[15:44:59] [main/INFO]: [OptiFine] (Reflector) Class not present: net.minecraftforge.event.entity.PlaySoundAtEntityEvent
[15:44:59] [main/INFO]: [OptiFine] (Reflector) Class not present: net.minecraftforge.client.event.RenderBlockOverlayEvent$OverlayType
[15:44:59] [main/INFO]: [OptiFine] (Reflector) Class not present: net.minecraftforge.fml.client.registry.RenderingRegistry
[15:44:59] [main/INFO]: [OptiFine] (Reflector) Class not present: net.minecraftforge.client.event.RenderGameOverlayEvent$BossInfo
[15:44:59] [main/INFO]: [OptiFine] (Reflector) Class not present: net.minecraftforge.client.event.RenderItemInFrameEvent
[15:44:59] [main/INFO]: [OptiFine] (Reflector) Class not present: net.minecraftforge.client.event.RenderLivingEvent$Pre
[15:44:59] [main/INFO]: [OptiFine] (Reflector) Class not present: net.minecraftforge.client.event.RenderLivingEvent$Post
[15:44:59] [main/INFO]: [OptiFine] (Reflector) Class not present: net.minecraftforge.client.event.RenderNameplateEvent
[15:44:59] [main/INFO]: [OptiFine] (Reflector) Class not present: net.minecraftforge.client.event.ScreenshotEvent
[15:44:59] [main/INFO]: [OptiFine] (Reflector) Class not present: net.minecraftforge.fml.server.ServerLifecycleHooks
[15:44:59] [main/INFO]: [OptiFine] (Reflector) Class not present: net.minecraftforge.event.world.WorldEvent$Load
[15:44:59] [main/INFO]: [OptiFine] *** Reflector Vanilla ***
[15:45:00] [Worker-Main-12/INFO]: [OptiFine] Multitexture: false
[15:45:00] [Worker-Main-12/INFO]: [OptiFine] ConnectedTextures: optifine/ctm/default/00_glass_white/glass_pane_white.properties
[15:45:00] [Worker-Main-12/INFO]: [OptiFine] ConnectedTextures: optifine/ctm/default/00_glass_white/glass_white.properties
[15:45:00] [Worker-Main-12/INFO]: [OptiFine] ConnectedTextures: optifine/ctm/default/01_glass_orange/glass_orange.properties
[15:45:00] [Worker-Main-12/INFO]: [OptiFine] ConnectedTextures: optifine/ctm/default/01_glass_orange/glass_pane_orange.properties
[15:45:00] [Worker-Main-12/INFO]: [OptiFine] ConnectedTextures: optifine/ctm/default/02_glass_magenta/glass_magenta.properties
[15:45:00] [Worker-Main-12/INFO]: [OptiFine] ConnectedTextures: optifine/ctm/default/02_glass_magenta/glass_pane_magenta.properties
[15:45:00] [Worker-Main-12/INFO]: [OptiFine] ConnectedTextures: optifine/ctm/default/03_glass_light_blue/glass_light_blue.properties
[15:45:00] [Worker-Main-12/INFO]: [OptiFine] ConnectedTextures: optifine/ctm/default/03_glass_light_blue/glass_pane_light_blue.properties
[15:45:00] [Worker-Main-12/INFO]: [OptiFine] ConnectedTextures: optifine/ctm/default/04_glass_yellow/glass_pane_yellow.properties
[15:45:00] [Worker-Main-12/INFO]: [OptiFine] ConnectedTextures: optifine/ctm/default/04_glass_yellow/glass_yellow.properties
[15:45:00] [Worker-Main-12/INFO]: [OptiFine] ConnectedTextures: optifine/ctm/default/05_glass_lime/glass_lime.properties
[15:45:00] [Worker-Main-12/INFO]: [OptiFine] ConnectedTextures: optifine/ctm/default/05_glass_lime/glass_pane_lime.properties
[15:45:00] [Worker-Main-12/INFO]: [OptiFine] ConnectedTextures: optifine/ctm/default/06_glass_pink/glass_pane_pink.properties
[15:45:00] [Worker-Main-12/INFO]: [OptiFine] ConnectedTextures: optifine/ctm/default/06_glass_pink/glass_pink.properties
[15:45:00] [Worker-Main-12/INFO]: [OptiFine] ConnectedTextures: optifine/ctm/default/07_glass_gray/glass_gray.properties
[15:45:00] [Worker-Main-12/INFO]: [OptiFine] ConnectedTextures: optifine/ctm/default/07_glass_gray/glass_pane_gray.properties
[15:45:00] [Worker-Main-12/INFO]: [OptiFine] ConnectedTextures: optifine/ctm/default/08_glass_light_gray/glass_light_gray.properties
[15:45:00] [Worker-Main-12/INFO]: [OptiFine] ConnectedTextures: optifine/ctm/default/08_glass_light_gray/glass_pane_light_gray.properties
[15:45:00] [Worker-Main-12/INFO]: [OptiFine] ConnectedTextures: optifine/ctm/default/09_glass_cyan/glass_cyan.properties
[15:45:00] [Worker-Main-12/INFO]: [OptiFine] ConnectedTextures: optifine/ctm/default/09_glass_cyan/glass_pane_cyan.properties
[15:45:00] [Worker-Main-12/INFO]: [OptiFine] ConnectedTextures: optifine/ctm/default/10_glass_purple/glass_pane_purple.properties
[15:45:00] [Worker-Main-12/INFO]: [OptiFine] ConnectedTextures: optifine/ctm/default/10_glass_purple/glass_purple.properties
[15:45:00] [Worker-Main-12/INFO]: [OptiFine] ConnectedTextures: optifine/ctm/default/11_glass_blue/glass_blue.properties
[15:45:00] [Worker-Main-12/INFO]: [OptiFine] ConnectedTextures: optifine/ctm/default/11_glass_blue/glass_pane_blue.properties
[15:45:00] [Worker-Main-12/INFO]: [OptiFine] ConnectedTextures: optifine/ctm/default/12_glass_brown/glass_brown.properties
[15:45:00] [Worker-Main-12/INFO]: [OptiFine] ConnectedTextures: optifine/ctm/default/12_glass_brown/glass_pane_brown.properties
[15:45:00] [Worker-Main-12/INFO]: [OptiFine] ConnectedTextures: optifine/ctm/default/13_glass_green/glass_green.properties
[15:45:00] [Worker-Main-12/INFO]: [OptiFine] ConnectedTextures: optifine/ctm/default/13_glass_green/glass_pane_green.properties
[15:45:00] [Worker-Main-12/INFO]: [OptiFine] ConnectedTextures: optifine/ctm/default/14_glass_red/glass_pane_red.properties
[15:45:01] [Worker-Main-12/INFO]: [OptiFine] ConnectedTextures: optifine/ctm/default/14_glass_red/glass_red.properties
[15:45:01] [Worker-Main-12/INFO]: [OptiFine] ConnectedTextures: optifine/ctm/default/15_glass_black/glass_black.properties
[15:45:01] [Worker-Main-12/INFO]: [OptiFine] ConnectedTextures: optifine/ctm/default/15_glass_black/glass_pane_black.properties
[15:45:01] [Worker-Main-12/INFO]: [OptiFine] ConnectedTextures: optifine/ctm/default/20_glass/glass.properties
[15:45:01] [Worker-Main-12/INFO]: [OptiFine] ConnectedTextures: optifine/ctm/default/20_glass/glass_pane.properties
[15:45:01] [Worker-Main-12/INFO]: [OptiFine] ConnectedTextures: optifine/ctm/default/30_bookshelf/bookshelf.properties
[15:45:01] [Worker-Main-12/INFO]: [OptiFine] ConnectedTextures: optifine/ctm/default/40_sandstone/sandstone.properties
[15:45:01] [Worker-Main-12/INFO]: [OptiFine] ConnectedTextures: optifine/ctm/default/41_red_sandstone/red_sandstone.properties
[15:45:01] [Worker-Main-12/INFO]: [OptiFine] Multipass connected textures: false
[15:45:01] [Worker-Main-12/INFO]: [OptiFine] BetterGrass: Parsing default configuration optifine/bettergrass.properties
[15:45:07] [Worker-Main-12/INFO]: [OptiFine] Mipmap levels: 4
[15:45:08] [Worker-Main-12/INFO]: [OptiFine] Multitexture: false
[15:45:08] [Worker-Main-12/INFO]: [OptiFine] Sprite size: 64
[15:45:08] [Worker-Main-12/INFO]: [OptiFine] Mipmap levels: 6
[15:45:08] [Worker-Main-12/INFO]: [OptiFine] Multitexture: false
[15:45:08] [Worker-Main-12/INFO]: [OptiFine] Sprite size: 64
[15:45:08] [Worker-Main-12/INFO]: [OptiFine] Mipmap levels: 6
[15:45:08] [Worker-Main-12/INFO]: [OptiFine] Multitexture: false
[15:45:08] [Worker-Main-12/INFO]: [OptiFine] Sprite size: 64
[15:45:08] [Worker-Main-12/INFO]: [OptiFine] Mipmap levels: 6
[15:45:08] [Worker-Main-12/INFO]: [OptiFine] Multitexture: false
[15:45:09] [Worker-Main-12/INFO]: [OptiFine] Sprite size: 64
[15:45:09] [Worker-Main-12/INFO]: [OptiFine] Mipmap levels: 6
[15:45:09] [Worker-Main-12/INFO]: [OptiFine] Multitexture: false
[15:45:09] [Worker-Main-12/INFO]: [OptiFine] Sprite size: 64
[15:45:09] [Worker-Main-12/INFO]: [OptiFine] Mipmap levels: 6
[15:45:09] [Worker-Main-12/INFO]: [OptiFine] Multitexture: false
[15:45:09] [Worker-Main-12/INFO]: [OptiFine] Sprite size: 64
[15:45:09] [Worker-Main-12/INFO]: [OptiFine] Mipmap levels: 6
[15:45:09] [main/INFO]: [STDERR]: [LWJGL] [ERROR] Incompatible Java and native library versions detected.
Possible reasons:
	a) -Djava.library.path is set to a folder containing shared libraries of an older LWJGL version.
	b) The classpath contains jar files of an older LWJGL version.
Possible solutions:
	a) Make sure to not set -Djava.library.path (it is not needed for developing with LWJGL 3) or make
	   sure the folder it points to contains the shared libraries of the correct LWJGL version.
	b) Check the classpath and make sure to only have jar files of the same LWJGL version in it.
[15:45:10] [main/INFO]: OpenAL initialized.
[15:45:10] [main/INFO]: Sound engine started
[15:45:10] [main/INFO]: Created: 1024x512x4 minecraft:textures/atlas/blocks.png-atlas
[15:45:14] [main/INFO]: [OptiFine] Animated sprites: 43
[15:45:14] [main/INFO]: Created: 256x128x4 minecraft:textures/atlas/signs.png-atlas
[15:45:15] [main/INFO]: [OptiFine] Animated sprites: 0
[15:45:15] [main/INFO]: Created: 512x512x4 minecraft:textures/atlas/banner_patterns.png-atlas
[15:45:15] [main/INFO]: [OptiFine] Animated sprites: 0
[15:45:15] [main/INFO]: Created: 512x512x4 minecraft:textures/atlas/shield_patterns.png-atlas
[15:45:15] [main/INFO]: [OptiFine] Animated sprites: 0
[15:45:15] [main/INFO]: Created: 256x256x4 minecraft:textures/atlas/chest.png-atlas
[15:45:15] [main/INFO]: [OptiFine] Animated sprites: 0
[15:45:15] [main/INFO]: Created: 512x256x4 minecraft:textures/atlas/beds.png-atlas
[15:45:15] [main/INFO]: [OptiFine] Animated sprites: 0
[15:45:15] [main/INFO]: Created: 512x256x4 minecraft:textures/atlas/shulker_boxes.png-atlas
[15:45:15] [main/INFO]: [OptiFine] Animated sprites: 0
[15:45:16] [main/INFO]: Created: 256x256x0 minecraft:textures/atlas/particles.png-atlas
[15:45:16] [main/INFO]: [OptiFine] Animated sprites: 0
[15:45:16] [main/INFO]: Created: 256x256x0 minecraft:textures/atlas/paintings.png-atlas
[15:45:16] [main/INFO]: [OptiFine] Animated sprites: 0
[15:45:16] [main/INFO]: Created: 128x128x0 minecraft:textures/atlas/mob_effects.png-atlas
[15:45:16] [main/INFO]: [OptiFine] Animated sprites: 0
[15:45:16] [main/INFO]: [OptiFine] *** Reloading custom textures ***
[15:45:18] [main/INFO]: [OptiFine] Disable Forge light pipeline
[15:45:54] [main/INFO]: Connecting to mc.holyworld.me, 25565
[15:45:55] [main/INFO]: Environment: authHost='https://authserver.mojang.com', accountsHost='https://api.mojang.com', sessionHost='https://sessionserver.mojang.com', servicesHost='https://api.minecraftservices.com', name='PROD'
[15:45:56] [main/INFO]: [CHAT] ▶ Ожидайте завершения проверки... Пожалуйста, не двигайтесь.
[15:45:58] [main/INFO]: [CHAT] ▶ Введите цифры с картинки в чат! Для открытия чата, нажмите <T>
[15:46:15] [main/INFO]: [CHAT] ▶ Проверка пройдена. Приятной игры!
[15:46:16] [main/INFO]: [CHAT] ▶ Авторизируйтесь - /login [Пароль]
[15:46:16] [main/WARN]: Unknown custom packed identifier: minecraft:register
[15:46:16] [main/INFO]: Environment: authHost='https://authserver.mojang.com', accountsHost='https://api.mojang.com', sessionHost='https://sessionserver.mojang.com', servicesHost='https://api.minecraftservices.com', name='PROD'
[15:46:16] [main/WARN]: Unknown custom packed identifier: minecraft:register
[15:46:17] [main/INFO]: Loaded 0 advancements
[15:46:22] [main/INFO]: [CHAT] ▶ Авторизируйтесь - /login [Пароль]
[15:46:22] [main/INFO]: [CHAT] (!) Успешный вход
[15:46:22] [main/INFO]: Environment: authHost='https://authserver.mojang.com', accountsHost='https://api.mojang.com', sessionHost='https://sessionserver.mojang.com', servicesHost='https://api.minecraftservices.com', name='PROD'
[15:46:22] [main/WARN]: Unknown custom packed identifier: minecraft:register
[15:46:23] [main/INFO]: Loaded 0 advancements
[15:46:27] [main/INFO]: [CHAT] ▍  Уважаемый игрок!\n▍ \n▍  Чтобы обезопасить себя от злоумышленников, и\n▍  иметь возможность бесплатно восстанавливать\n▍  пароль в случае: взлома, утере и т.п пароля,\n▍  привяжите свой аккаунт к группе!\n▍ \n▍  Подробнее: t.me/howorldBot (кликай по ссылке)\n
[15:46:48] [main/WARN]: Unable to play empty soundEvent: minecraft:entity.tropical_fish.ambient
[15:49:16] [main/INFO]: Environment: authHost='https://authserver.mojang.com', accountsHost='https://api.mojang.com', sessionHost='https://sessionserver.mojang.com', servicesHost='https://api.minecraftservices.com', name='PROD'
[15:49:16] [main/WARN]: Unknown custom packed identifier: minecraft:register
[15:49:16] [main/INFO]: Loaded 0 advancements
[15:49:16] [main/INFO]: [CHAT]       
[15:49:16] [main/INFO]: [CHAT]       
[15:49:16] [main/INFO]: [CHAT]       
[15:49:16] [main/INFO]: [CHAT]       
[15:49:16] [main/INFO]: [CHAT]       
[15:49:16] [main/INFO]: [CHAT]       
[15:49:16] [main/INFO]: [CHAT]       
[15:49:16] [main/INFO]: [CHAT]       
[15:49:16] [main/INFO]: [CHAT]       
[15:49:16] [main/INFO]: [CHAT] ◢ Прямо сейчас идет набор
[15:49:16] [main/INFO]: [CHAT] ◤ в команду проекта на должность Стажёра! 
[15:49:16] [main/INFO]: [CHAT]       
[15:49:16] [main/INFO]: [CHAT] ▍ Если ты уже давно играешь на проекте
[15:49:16] [main/INFO]: [CHAT] ▍ и хочешь помочь нам в борьбе с нарушителями
[15:49:16] [main/INFO]: [CHAT] ▍ то оставь свою заявку здесь: 
[15:49:16] [main/INFO]: [CHAT] ▍ 
[15:49:16] [main/INFO]: [CHAT] ▍ https://vk.com/topic-218242840_49651830
[15:49:16] [main/INFO]: [CHAT]    
[15:49:16] [main/INFO]: [CHAT]  ▶ Вы покинули территорию игрока 6ixxthug
[15:49:16] [main/INFO]: Environment: authHost='https://authserver.mojang.com', accountsHost='https://api.mojang.com', sessionHost='https://sessionserver.mojang.com', servicesHost='https://api.minecraftservices.com', name='PROD'
[15:49:17] [main/INFO]: [CHAT] ɢ | «стᴀжᴇр» _qOp_ Обмен? Ко мне!: сори я испугался тим творить дич
[15:49:28] [main/INFO]: [CHAT] ▶ Деньги успешно отправлены.
[15:49:32] [main/INFO]: Stopping!
